0 info it worked if it ends with ok
1 verbose cli [ 'node', '/usr/local/bin/npm', 'install' ]
2 info using npm@1.4.28
3 info using node@v0.10.35
4 warn package.json ucdd-jaded@1.0.0 No repository field.
5 verbose readDependencies using package.json deps
6 verbose install where, deps [ '/Users/vahidmazdeh/Google Drive/Spring 2015/UCDD II/ucdd-jaded',
6 verbose install   [ 'chalk',
6 verbose install     'debug',
6 verbose install     'glob',
6 verbose install     'jade',
6 verbose install     'jade-lexer',
6 verbose install     'jade-parser',
6 verbose install     'lodash' ] ]
7 info preinstall ucdd-jaded@1.0.0
8 verbose readDependencies using package.json deps
9 verbose cache add [ 'chalk@^0.5.1', null ]
10 verbose cache add name=undefined spec="chalk@^0.5.1" args=["chalk@^0.5.1",null]
11 verbose parsed url { protocol: null,
11 verbose parsed url   slashes: null,
11 verbose parsed url   auth: null,
11 verbose parsed url   host: null,
11 verbose parsed url   port: null,
11 verbose parsed url   hostname: null,
11 verbose parsed url   hash: null,
11 verbose parsed url   search: null,
11 verbose parsed url   query: null,
11 verbose parsed url   pathname: 'chalk@^0.5.1',
11 verbose parsed url   path: 'chalk@^0.5.1',
11 verbose parsed url   href: 'chalk@^0.5.1' }
12 verbose cache add [ 'debug@^2.1.1', null ]
13 verbose cache add name=undefined spec="debug@^2.1.1" args=["debug@^2.1.1",null]
14 verbose parsed url { protocol: null,
14 verbose parsed url   slashes: null,
14 verbose parsed url   auth: null,
14 verbose parsed url   host: null,
14 verbose parsed url   port: null,
14 verbose parsed url   hostname: null,
14 verbose parsed url   hash: null,
14 verbose parsed url   search: null,
14 verbose parsed url   query: null,
14 verbose parsed url   pathname: 'debug@^2.1.1',
14 verbose parsed url   path: 'debug@^2.1.1',
14 verbose parsed url   href: 'debug@^2.1.1' }
15 verbose cache add [ 'glob@^4.3.5', null ]
16 verbose cache add name=undefined spec="glob@^4.3.5" args=["glob@^4.3.5",null]
17 verbose parsed url { protocol: null,
17 verbose parsed url   slashes: null,
17 verbose parsed url   auth: null,
17 verbose parsed url   host: null,
17 verbose parsed url   port: null,
17 verbose parsed url   hostname: null,
17 verbose parsed url   hash: null,
17 verbose parsed url   search: null,
17 verbose parsed url   query: null,
17 verbose parsed url   pathname: 'glob@^4.3.5',
17 verbose parsed url   path: 'glob@^4.3.5',
17 verbose parsed url   href: 'glob@^4.3.5' }
18 verbose cache add [ 'jade@^1.9.1', null ]
19 verbose cache add name=undefined spec="jade@^1.9.1" args=["jade@^1.9.1",null]
20 verbose parsed url { protocol: null,
20 verbose parsed url   slashes: null,
20 verbose parsed url   auth: null,
20 verbose parsed url   host: null,
20 verbose parsed url   port: null,
20 verbose parsed url   hostname: null,
20 verbose parsed url   hash: null,
20 verbose parsed url   search: null,
20 verbose parsed url   query: null,
20 verbose parsed url   pathname: 'jade@^1.9.1',
20 verbose parsed url   path: 'jade@^1.9.1',
20 verbose parsed url   href: 'jade@^1.9.1' }
21 verbose cache add name="chalk" spec="^0.5.1" args=["chalk","^0.5.1"]
22 verbose parsed url { protocol: null,
22 verbose parsed url   slashes: null,
22 verbose parsed url   auth: null,
22 verbose parsed url   host: null,
22 verbose parsed url   port: null,
22 verbose parsed url   hostname: null,
22 verbose parsed url   hash: null,
22 verbose parsed url   search: null,
22 verbose parsed url   query: null,
22 verbose parsed url   pathname: '^0.5.1',
22 verbose parsed url   path: '^0.5.1',
22 verbose parsed url   href: '^0.5.1' }
23 verbose addNamed [ 'chalk', '^0.5.1' ]
24 verbose addNamed [ null, '>=0.5.1-0 <0.6.0-0' ]
25 verbose cache add name="debug" spec="^2.1.1" args=["debug","^2.1.1"]
26 verbose parsed url { protocol: null,
26 verbose parsed url   slashes: null,
26 verbose parsed url   auth: null,
26 verbose parsed url   host: null,
26 verbose parsed url   port: null,
26 verbose parsed url   hostname: null,
26 verbose parsed url   hash: null,
26 verbose parsed url   search: null,
26 verbose parsed url   query: null,
26 verbose parsed url   pathname: '^2.1.1',
26 verbose parsed url   path: '^2.1.1',
26 verbose parsed url   href: '^2.1.1' }
27 verbose addNamed [ 'debug', '^2.1.1' ]
28 verbose addNamed [ null, '>=2.1.1-0 <3.0.0-0' ]
29 verbose cache add name="glob" spec="^4.3.5" args=["glob","^4.3.5"]
30 verbose parsed url { protocol: null,
30 verbose parsed url   slashes: null,
30 verbose parsed url   auth: null,
30 verbose parsed url   host: null,
30 verbose parsed url   port: null,
30 verbose parsed url   hostname: null,
30 verbose parsed url   hash: null,
30 verbose parsed url   search: null,
30 verbose parsed url   query: null,
30 verbose parsed url   pathname: '^4.3.5',
30 verbose parsed url   path: '^4.3.5',
30 verbose parsed url   href: '^4.3.5' }
31 verbose addNamed [ 'glob', '^4.3.5' ]
32 verbose addNamed [ null, '>=4.3.5-0 <5.0.0-0' ]
33 verbose cache add [ 'jade-lexer@0.0.3', null ]
34 verbose cache add name=undefined spec="jade-lexer@0.0.3" args=["jade-lexer@0.0.3",null]
35 verbose parsed url { protocol: null,
35 verbose parsed url   slashes: null,
35 verbose parsed url   auth: null,
35 verbose parsed url   host: null,
35 verbose parsed url   port: null,
35 verbose parsed url   hostname: null,
35 verbose parsed url   hash: null,
35 verbose parsed url   search: null,
35 verbose parsed url   query: null,
35 verbose parsed url   pathname: 'jade-lexer@0.0.3',
35 verbose parsed url   path: 'jade-lexer@0.0.3',
35 verbose parsed url   href: 'jade-lexer@0.0.3' }
36 verbose cache add [ 'jade-parser@0.0.2', null ]
37 verbose cache add name=undefined spec="jade-parser@0.0.2" args=["jade-parser@0.0.2",null]
38 verbose parsed url { protocol: null,
38 verbose parsed url   slashes: null,
38 verbose parsed url   auth: null,
38 verbose parsed url   host: null,
38 verbose parsed url   port: null,
38 verbose parsed url   hostname: null,
38 verbose parsed url   hash: null,
38 verbose parsed url   search: null,
38 verbose parsed url   query: null,
38 verbose parsed url   pathname: 'jade-parser@0.0.2',
38 verbose parsed url   path: 'jade-parser@0.0.2',
38 verbose parsed url   href: 'jade-parser@0.0.2' }
39 verbose cache add name="jade" spec="^1.9.1" args=["jade","^1.9.1"]
40 verbose parsed url { protocol: null,
40 verbose parsed url   slashes: null,
40 verbose parsed url   auth: null,
40 verbose parsed url   host: null,
40 verbose parsed url   port: null,
40 verbose parsed url   hostname: null,
40 verbose parsed url   hash: null,
40 verbose parsed url   search: null,
40 verbose parsed url   query: null,
40 verbose parsed url   pathname: '^1.9.1',
40 verbose parsed url   path: '^1.9.1',
40 verbose parsed url   href: '^1.9.1' }
41 verbose addNamed [ 'jade', '^1.9.1' ]
42 verbose addNamed [ null, '>=1.9.1-0 <2.0.0-0' ]
43 silly lockFile 24b6c7c3-chalk-0-5-1 chalk@^0.5.1
44 verbose lock chalk@^0.5.1 /Users/vahidmazdeh/.npm/24b6c7c3-chalk-0-5-1.lock
45 silly lockFile 0dc79bd7-debug-2-1-1 debug@^2.1.1
46 verbose lock debug@^2.1.1 /Users/vahidmazdeh/.npm/0dc79bd7-debug-2-1-1.lock
47 silly lockFile 49ae2504-glob-4-3-5 glob@^4.3.5
48 verbose lock glob@^4.3.5 /Users/vahidmazdeh/.npm/49ae2504-glob-4-3-5.lock
49 silly lockFile 792f611b-jade-1-9-1 jade@^1.9.1
50 verbose lock jade@^1.9.1 /Users/vahidmazdeh/.npm/792f611b-jade-1-9-1.lock
51 verbose cache add name="jade-lexer" spec="0.0.3" args=["jade-lexer","0.0.3"]
52 verbose parsed url { protocol: null,
52 verbose parsed url   slashes: null,
52 verbose parsed url   auth: null,
52 verbose parsed url   host: null,
52 verbose parsed url   port: null,
52 verbose parsed url   hostname: null,
52 verbose parsed url   hash: null,
52 verbose parsed url   search: null,
52 verbose parsed url   query: null,
52 verbose parsed url   pathname: '0.0.3',
52 verbose parsed url   path: '0.0.3',
52 verbose parsed url   href: '0.0.3' }
53 verbose addNamed [ 'jade-lexer', '0.0.3' ]
54 verbose addNamed [ '0.0.3', '0.0.3' ]
55 silly lockFile 0ea8e0ac-jade-lexer-0-0-3 jade-lexer@0.0.3
56 verbose lock jade-lexer@0.0.3 /Users/vahidmazdeh/.npm/0ea8e0ac-jade-lexer-0-0-3.lock
57 verbose cache add [ 'lodash@^2.4.1', null ]
58 verbose cache add name=undefined spec="lodash@^2.4.1" args=["lodash@^2.4.1",null]
59 verbose parsed url { protocol: null,
59 verbose parsed url   slashes: null,
59 verbose parsed url   auth: null,
59 verbose parsed url   host: null,
59 verbose parsed url   port: null,
59 verbose parsed url   hostname: null,
59 verbose parsed url   hash: null,
59 verbose parsed url   search: null,
59 verbose parsed url   query: null,
59 verbose parsed url   pathname: 'lodash@^2.4.1',
59 verbose parsed url   path: 'lodash@^2.4.1',
59 verbose parsed url   href: 'lodash@^2.4.1' }
60 verbose cache add name="jade-parser" spec="0.0.2" args=["jade-parser","0.0.2"]
61 verbose parsed url { protocol: null,
61 verbose parsed url   slashes: null,
61 verbose parsed url   auth: null,
61 verbose parsed url   host: null,
61 verbose parsed url   port: null,
61 verbose parsed url   hostname: null,
61 verbose parsed url   hash: null,
61 verbose parsed url   search: null,
61 verbose parsed url   query: null,
61 verbose parsed url   pathname: '0.0.2',
61 verbose parsed url   path: '0.0.2',
61 verbose parsed url   href: '0.0.2' }
62 verbose addNamed [ 'jade-parser', '0.0.2' ]
63 verbose addNamed [ '0.0.2', '0.0.2' ]
64 silly lockFile 1a9ee414-jade-parser-0-0-2 jade-parser@0.0.2
65 verbose lock jade-parser@0.0.2 /Users/vahidmazdeh/.npm/1a9ee414-jade-parser-0-0-2.lock
66 verbose cache add name="lodash" spec="^2.4.1" args=["lodash","^2.4.1"]
67 verbose parsed url { protocol: null,
67 verbose parsed url   slashes: null,
67 verbose parsed url   auth: null,
67 verbose parsed url   host: null,
67 verbose parsed url   port: null,
67 verbose parsed url   hostname: null,
67 verbose parsed url   hash: null,
67 verbose parsed url   search: null,
67 verbose parsed url   query: null,
67 verbose parsed url   pathname: '^2.4.1',
67 verbose parsed url   path: '^2.4.1',
67 verbose parsed url   href: '^2.4.1' }
68 verbose addNamed [ 'lodash', '^2.4.1' ]
69 verbose addNamed [ null, '>=2.4.1-0 <3.0.0-0' ]
70 silly lockFile 59759450-lodash-2-4-1 lodash@^2.4.1
71 verbose lock lodash@^2.4.1 /Users/vahidmazdeh/.npm/59759450-lodash-2-4-1.lock
72 silly addNameRange { name: 'chalk', range: '>=0.5.1-0 <0.6.0-0', hasData: false }
73 silly addNameRange { name: 'debug', range: '>=2.1.1-0 <3.0.0-0', hasData: false }
74 silly addNameRange { name: 'glob', range: '>=4.3.5-0 <5.0.0-0', hasData: false }
75 silly addNameRange { name: 'jade', range: '>=1.9.1-0 <2.0.0-0', hasData: false }
76 silly addNameRange { name: 'lodash', range: '>=2.4.1-0 <3.0.0-0', hasData: false }
77 verbose request where is /chalk
78 verbose request registry https://registry.npmjs.org/
79 verbose request id 2dfb58ec4d024001
80 verbose url raw /chalk
81 verbose url resolving [ 'https://registry.npmjs.org/', './chalk' ]
82 verbose url resolved https://registry.npmjs.org/chalk
83 verbose request where is https://registry.npmjs.org/chalk
84 info trying registry request attempt 1 at 17:07:46
85 verbose etag "EB55ZURZNMBR18KB809TRWY0S"
86 http GET https://registry.npmjs.org/chalk
87 verbose request where is /debug
88 verbose request registry https://registry.npmjs.org/
89 verbose url raw /debug
90 verbose url resolving [ 'https://registry.npmjs.org/', './debug' ]
91 verbose url resolved https://registry.npmjs.org/debug
92 verbose request where is https://registry.npmjs.org/debug
93 info trying registry request attempt 1 at 17:07:46
94 verbose etag "DSZSM1SG7YMWO2VSDZPQQ8BOO"
95 http GET https://registry.npmjs.org/debug
96 verbose request where is /glob
97 verbose request registry https://registry.npmjs.org/
98 verbose url raw /glob
99 verbose url resolving [ 'https://registry.npmjs.org/', './glob' ]
100 verbose url resolved https://registry.npmjs.org/glob
101 verbose request where is https://registry.npmjs.org/glob
102 info trying registry request attempt 1 at 17:07:46
103 verbose etag "SRRWGGPL6V94MIR6QKPMBZHL"
104 http GET https://registry.npmjs.org/glob
105 verbose request where is /jade-lexer
106 verbose request registry https://registry.npmjs.org/
107 verbose url raw /jade-lexer
108 verbose url resolving [ 'https://registry.npmjs.org/', './jade-lexer' ]
109 verbose url resolved https://registry.npmjs.org/jade-lexer
110 verbose request where is https://registry.npmjs.org/jade-lexer
111 info trying registry request attempt 1 at 17:07:46
112 verbose etag "CBL4N5QWZX7MBZGZG2U722JPB"
113 http GET https://registry.npmjs.org/jade-lexer
114 verbose request where is /jade-parser
115 verbose request registry https://registry.npmjs.org/
116 verbose url raw /jade-parser
117 verbose url resolving [ 'https://registry.npmjs.org/', './jade-parser' ]
118 verbose url resolved https://registry.npmjs.org/jade-parser
119 verbose request where is https://registry.npmjs.org/jade-parser
120 info trying registry request attempt 1 at 17:07:46
121 verbose etag "D7NWZJ8RQYR8NDZ2HMP6T8BA0"
122 http GET https://registry.npmjs.org/jade-parser
123 verbose request where is /jade
124 verbose request registry https://registry.npmjs.org/
125 verbose url raw /jade
126 verbose url resolving [ 'https://registry.npmjs.org/', './jade' ]
127 verbose url resolved https://registry.npmjs.org/jade
128 verbose request where is https://registry.npmjs.org/jade
129 info trying registry request attempt 1 at 17:07:46
130 verbose etag "5UBJBOWOY3KX298JE4RB13RO4"
131 http GET https://registry.npmjs.org/jade
132 verbose request where is /lodash
133 verbose request registry https://registry.npmjs.org/
134 verbose url raw /lodash
135 verbose url resolving [ 'https://registry.npmjs.org/', './lodash' ]
136 verbose url resolved https://registry.npmjs.org/lodash
137 verbose request where is https://registry.npmjs.org/lodash
138 info trying registry request attempt 1 at 17:07:46
139 verbose etag "B6NMNKL7QM31M26C9EJBSCYSJ"
140 http GET https://registry.npmjs.org/lodash
141 http 304 https://registry.npmjs.org/jade-lexer
142 silly registry.get cb [ 304,
142 silly registry.get   { date: 'Fri, 23 Jan 2015 00:07:46 GMT',
142 silly registry.get     server: 'Apache',
142 silly registry.get     via: '1.1 varnish',
142 silly registry.get     'last-modified': 'Fri, 23 Jan 2015 00:07:46 GMT',
142 silly registry.get     'cache-control': 'max-age=60',
142 silly registry.get     etag: '"CBL4N5QWZX7MBZGZG2U722JPB"',
142 silly registry.get     age: '29',
142 silly registry.get     'x-served-by': 'cache-sjc3131-SJC',
142 silly registry.get     'x-cache': 'HIT',
142 silly registry.get     'x-cache-hits': '1',
142 silly registry.get     'x-timer': 'S1421971666.782646,VS0,VE0',
142 silly registry.get     vary: 'Accept',
142 silly registry.get     'content-length': '0',
142 silly registry.get     'keep-alive': 'timeout=10, max=50',
142 silly registry.get     connection: 'Keep-Alive' } ]
143 verbose etag https://registry.npmjs.org/jade-lexer from cache
144 http 304 https://registry.npmjs.org/debug
145 silly registry.get cb [ 304,
145 silly registry.get   { date: 'Fri, 23 Jan 2015 00:07:46 GMT',
145 silly registry.get     server: 'Apache',
145 silly registry.get     via: '1.1 varnish',
145 silly registry.get     'last-modified': 'Fri, 23 Jan 2015 00:07:25 GMT',
145 silly registry.get     'cache-control': 'max-age=60',
145 silly registry.get     etag: '"DSZSM1SG7YMWO2VSDZPQQ8BOO"',
145 silly registry.get     age: '46',
145 silly registry.get     'x-served-by': 'cache-sjc3134-SJC',
145 silly registry.get     'x-cache': 'HIT',
145 silly registry.get     'x-cache-hits': '4',
145 silly registry.get     'x-timer': 'S1421971666.782691,VS0,VE0',
145 silly registry.get     vary: 'Accept',
145 silly registry.get     'content-length': '0',
145 silly registry.get     'keep-alive': 'timeout=10, max=50',
145 silly registry.get     connection: 'Keep-Alive' } ]
146 verbose etag https://registry.npmjs.org/debug from cache
147 http 304 https://registry.npmjs.org/glob
148 silly registry.get cb [ 304,
148 silly registry.get   { date: 'Fri, 23 Jan 2015 00:07:46 GMT',
148 silly registry.get     server: 'Apache',
148 silly registry.get     via: '1.1 varnish',
148 silly registry.get     'last-modified': 'Fri, 23 Jan 2015 00:07:28 GMT',
148 silly registry.get     'cache-control': 'max-age=60',
148 silly registry.get     etag: '"SRRWGGPL6V94MIR6QKPMBZHL"',
148 silly registry.get     age: '20',
148 silly registry.get     'x-served-by': 'cache-sjc3122-SJC',
148 silly registry.get     'x-cache': 'HIT',
148 silly registry.get     'x-cache-hits': '7',
148 silly registry.get     'x-timer': 'S1421971666.784629,VS0,VE0',
148 silly registry.get     vary: 'Accept',
148 silly registry.get     'content-length': '0',
148 silly registry.get     'keep-alive': 'timeout=10, max=50',
148 silly registry.get     connection: 'Keep-Alive' } ]
149 verbose etag https://registry.npmjs.org/glob from cache
150 http 304 https://registry.npmjs.org/jade-parser
151 silly registry.get cb [ 304,
151 silly registry.get   { date: 'Fri, 23 Jan 2015 00:07:46 GMT',
151 silly registry.get     server: 'Apache',
151 silly registry.get     via: '1.1 varnish',
151 silly registry.get     'last-modified': 'Fri, 23 Jan 2015 00:07:46 GMT',
151 silly registry.get     'cache-control': 'max-age=60',
151 silly registry.get     etag: '"D7NWZJ8RQYR8NDZ2HMP6T8BA0"',
151 silly registry.get     age: '29',
151 silly registry.get     'x-served-by': 'cache-sjc3124-SJC',
151 silly registry.get     'x-cache': 'HIT',
151 silly registry.get     'x-cache-hits': '1',
151 silly registry.get     'x-timer': 'S1421971666.785755,VS0,VE0',
151 silly registry.get     vary: 'Accept',
151 silly registry.get     'content-length': '0',
151 silly registry.get     'keep-alive': 'timeout=10, max=50',
151 silly registry.get     connection: 'Keep-Alive' } ]
152 verbose etag https://registry.npmjs.org/jade-parser from cache
153 http 304 https://registry.npmjs.org/chalk
154 silly registry.get cb [ 304,
154 silly registry.get   { date: 'Fri, 23 Jan 2015 00:07:46 GMT',
154 silly registry.get     server: 'Apache',
154 silly registry.get     via: '1.1 varnish',
154 silly registry.get     'last-modified': 'Fri, 23 Jan 2015 00:07:46 GMT',
154 silly registry.get     'cache-control': 'max-age=60',
154 silly registry.get     etag: '"EB55ZURZNMBR18KB809TRWY0S"',
154 silly registry.get     age: '4',
154 silly registry.get     'x-served-by': 'cache-sjc3121-SJC',
154 silly registry.get     'x-cache': 'HIT',
154 silly registry.get     'x-cache-hits': '1',
154 silly registry.get     'x-timer': 'S1421971666.786633,VS0,VE0',
154 silly registry.get     vary: 'Accept',
154 silly registry.get     'content-length': '0',
154 silly registry.get     'keep-alive': 'timeout=10, max=50',
154 silly registry.get     connection: 'Keep-Alive' } ]
155 verbose etag https://registry.npmjs.org/chalk from cache
156 http 304 https://registry.npmjs.org/jade
157 silly registry.get cb [ 304,
157 silly registry.get   { date: 'Fri, 23 Jan 2015 00:07:46 GMT',
157 silly registry.get     server: 'Apache',
157 silly registry.get     via: '1.1 varnish',
157 silly registry.get     'last-modified': 'Fri, 23 Jan 2015 00:07:46 GMT',
157 silly registry.get     'cache-control': 'max-age=60',
157 silly registry.get     etag: '"5UBJBOWOY3KX298JE4RB13RO4"',
157 silly registry.get     age: '48',
157 silly registry.get     'x-served-by': 'cache-sjc3131-SJC',
157 silly registry.get     'x-cache': 'HIT',
157 silly registry.get     'x-cache-hits': '1',
157 silly registry.get     'x-timer': 'S1421971666.817935,VS0,VE0',
157 silly registry.get     vary: 'Accept',
157 silly registry.get     'content-length': '0',
157 silly registry.get     'keep-alive': 'timeout=10, max=49',
157 silly registry.get     connection: 'Keep-Alive' } ]
158 verbose etag https://registry.npmjs.org/jade from cache
159 silly addNameRange number 2 { name: 'debug', range: '>=2.1.1-0 <3.0.0-0', hasData: true }
160 silly addNameRange versions [ 'debug',
160 silly addNameRange   [ '0.0.1',
160 silly addNameRange     '0.1.0',
160 silly addNameRange     '0.2.0',
160 silly addNameRange     '0.3.0',
160 silly addNameRange     '0.4.0',
160 silly addNameRange     '0.4.1',
160 silly addNameRange     '0.5.0',
160 silly addNameRange     '0.6.0',
160 silly addNameRange     '0.7.0',
160 silly addNameRange     '0.7.1',
160 silly addNameRange     '0.7.2',
160 silly addNameRange     '0.7.3',
160 silly addNameRange     '0.7.4',
160 silly addNameRange     '0.8.0',
160 silly addNameRange     '0.8.1',
160 silly addNameRange     '1.0.0',
160 silly addNameRange     '1.0.1',
160 silly addNameRange     '1.0.2',
160 silly addNameRange     '1.0.3',
160 silly addNameRange     '1.0.4',
160 silly addNameRange     '2.0.0',
160 silly addNameRange     '2.1.0',
160 silly addNameRange     '2.1.1' ] ]
161 verbose addNamed [ 'debug', '2.1.1' ]
162 verbose addNamed [ '2.1.1', '2.1.1' ]
163 silly lockFile 656b33b7-debug-2-1-1 debug@2.1.1
164 verbose lock debug@2.1.1 /Users/vahidmazdeh/.npm/656b33b7-debug-2-1-1.lock
165 silly addNameRange number 2 { name: 'glob', range: '>=4.3.5-0 <5.0.0-0', hasData: true }
166 silly addNameRange versions [ 'glob',
166 silly addNameRange   [ '1.1.0',
166 silly addNameRange     '2.0.9',
166 silly addNameRange     '2.0.8',
166 silly addNameRange     '2.0.7',
166 silly addNameRange     '2.1.0',
166 silly addNameRange     '3.0.0',
166 silly addNameRange     '3.0.1',
166 silly addNameRange     '3.1.0',
166 silly addNameRange     '3.1.1',
166 silly addNameRange     '3.1.2',
166 silly addNameRange     '3.1.3',
166 silly addNameRange     '3.1.4',
166 silly addNameRange     '3.1.5',
166 silly addNameRange     '3.1.6',
166 silly addNameRange     '3.1.7',
166 silly addNameRange     '3.1.9',
166 silly addNameRange     '3.1.10',
166 silly addNameRange     '3.1.11',
166 silly addNameRange     '3.1.12',
166 silly addNameRange     '3.1.13',
166 silly addNameRange     '3.1.14',
166 silly addNameRange     '3.1.15',
166 silly addNameRange     '3.1.16',
166 silly addNameRange     '3.1.17',
166 silly addNameRange     '3.1.18',
166 silly addNameRange     '3.1.19',
166 silly addNameRange     '3.1.20',
166 silly addNameRange     '3.1.21',
166 silly addNameRange     '3.2.0',
166 silly addNameRange     '3.2.1',
166 silly addNameRange     '3.2.3',
166 silly addNameRange     '3.2.4',
166 silly addNameRange     '3.2.5',
166 silly addNameRange     '3.2.6',
166 silly addNameRange     '3.2.7',
166 silly addNameRange     '3.2.8',
166 silly addNameRange     '3.2.9',
166 silly addNameRange     '3.2.10',
166 silly addNameRange     '3.2.11',
166 silly addNameRange     '4.0.0',
166 silly addNameRange     '4.0.1',
166 silly addNameRange     '4.0.2',
166 silly addNameRange     '4.0.3',
166 silly addNameRange     '4.0.4',
166 silly addNameRange     '4.0.5',
166 silly addNameRange     '4.0.6',
166 silly addNameRange     '4.1.2-beta',
166 silly addNameRange     '4.1.2',
166 silly addNameRange     '4.1.3',
166 silly addNameRange     '4.1.4',
166 silly addNameRange     '4.1.5',
166 silly addNameRange     '4.1.6',
166 silly addNameRange     '4.2.0',
166 silly addNameRange     '4.2.1',
166 silly addNameRange     '4.2.2',
166 silly addNameRange     '4.3.0',
166 silly addNameRange     '4.3.1',
166 silly addNameRange     '4.3.2',
166 silly addNameRange     '4.3.3',
166 silly addNameRange     '4.3.4',
166 silly addNameRange     '4.3.5' ] ]
167 verbose addNamed [ 'glob', '4.3.5' ]
168 verbose addNamed [ '4.3.5', '4.3.5' ]
169 silly lockFile 88cb2229-glob-4-3-5 glob@4.3.5
170 verbose lock glob@4.3.5 /Users/vahidmazdeh/.npm/88cb2229-glob-4-3-5.lock
171 silly addNameRange number 2 { name: 'chalk', range: '>=0.5.1-0 <0.6.0-0', hasData: true }
172 silly addNameRange versions [ 'chalk',
172 silly addNameRange   [ '0.1.0',
172 silly addNameRange     '0.1.1',
172 silly addNameRange     '0.2.0',
172 silly addNameRange     '0.2.1',
172 silly addNameRange     '0.3.0',
172 silly addNameRange     '0.4.0',
172 silly addNameRange     '0.5.0',
172 silly addNameRange     '0.5.1' ] ]
173 verbose addNamed [ 'chalk', '0.5.1' ]
174 verbose addNamed [ '0.5.1', '0.5.1' ]
175 silly lockFile c28973bb-chalk-0-5-1 chalk@0.5.1
176 verbose lock chalk@0.5.1 /Users/vahidmazdeh/.npm/c28973bb-chalk-0-5-1.lock
177 silly addNameRange number 2 { name: 'jade', range: '>=1.9.1-0 <2.0.0-0', hasData: true }
178 silly addNameRange versions [ 'jade',
178 silly addNameRange   [ '0.0.1',
178 silly addNameRange     '0.0.2',
178 silly addNameRange     '0.1.0',
178 silly addNameRange     '0.2.0',
178 silly addNameRange     '0.2.1',
178 silly addNameRange     '0.2.2',
178 silly addNameRange     '0.2.3',
178 silly addNameRange     '0.2.4',
178 silly addNameRange     '0.3.0',
178 silly addNameRange     '0.4.0',
178 silly addNameRange     '0.4.1',
178 silly addNameRange     '0.5.0',
178 silly addNameRange     '0.5.1',
178 silly addNameRange     '0.5.2',
178 silly addNameRange     '0.5.3',
178 silly addNameRange     '0.5.4',
178 silly addNameRange     '0.5.5',
178 silly addNameRange     '0.5.6',
178 silly addNameRange     '0.5.7',
178 silly addNameRange     '0.6.0',
178 silly addNameRange     '0.6.1',
178 silly addNameRange     '0.6.3',
178 silly addNameRange     '0.7.0',
178 silly addNameRange     '0.7.1',
178 silly addNameRange     '0.8.0',
178 silly addNameRange     '0.8.1',
178 silly addNameRange     '0.8.2',
178 silly addNameRange     '0.8.3',
178 silly addNameRange     '0.8.4',
178 silly addNameRange     '0.8.5',
178 silly addNameRange     '0.8.6',
178 silly addNameRange     '0.8.7',
178 silly addNameRange     '0.8.8',
178 silly addNameRange     '0.8.9',
178 silly addNameRange     '0.9.0',
178 silly addNameRange     '0.9.1',
178 silly addNameRange     '0.9.2',
178 silly addNameRange     '0.9.3',
178 silly addNameRange     '0.10.0',
178 silly addNameRange     '0.10.1',
178 silly addNameRange     '0.10.2',
178 silly addNameRange     '0.10.3',
178 silly addNameRange     '0.10.4',
178 silly addNameRange     '0.10.5',
178 silly addNameRange     '0.10.6',
178 silly addNameRange     '0.10.7',
178 silly addNameRange     '0.11.0',
178 silly addNameRange     '0.11.1',
178 silly addNameRange     '0.12.0',
178 silly addNameRange     '0.12.1',
178 silly addNameRange     '0.12.2',
178 silly addNameRange     '0.12.3',
178 silly addNameRange     '0.12.4',
178 silly addNameRange     '0.13.0',
178 silly addNameRange     '0.14.0',
178 silly addNameRange     '0.14.1',
178 silly addNameRange     '0.14.2',
178 silly addNameRange     '0.15.0',
178 silly addNameRange     '0.15.1',
178 silly addNameRange     '0.15.2',
178 silly addNameRange     '0.15.3',
178 silly addNameRange     '0.15.4',
178 silly addNameRange     '0.16.0',
178 silly addNameRange     '0.16.1',
178 silly addNameRange     '0.16.2',
178 silly addNameRange     '0.16.3',
178 silly addNameRange     '0.16.4',
178 silly addNameRange     '0.17.0',
178 silly addNameRange     '0.18.0',
178 silly addNameRange     '0.19.0',
178 silly addNameRange     '0.20.0',
178 silly addNameRange     '0.20.1',
178 silly addNameRange     '0.20.2',
178 silly addNameRange     '0.20.3',
178 silly addNameRange     '0.21.0',
178 silly addNameRange     '0.22.0',
178 silly addNameRange     '0.22.1',
178 silly addNameRange     '0.23.0',
178 silly addNameRange     '0.24.0',
178 silly addNameRange     '0.25.0',
178 silly addNameRange     '0.26.0',
178 silly addNameRange     '0.26.1',
178 silly addNameRange     '0.26.2',
178 silly addNameRange     '0.26.3',
178 silly addNameRange     '0.27.0',
178 silly addNameRange     '0.27.1',
178 silly addNameRange     '0.27.2',
178 silly addNameRange     '0.27.3',
178 silly addNameRange     '0.27.4',
178 silly addNameRange     '0.27.5',
178 silly addNameRange     '0.27.6',
178 silly addNameRange     '0.27.7',
178 silly addNameRange     '0.28.0',
178 silly addNameRange     '0.28.1',
178 silly addNameRange     '0.28.2',
178 silly addNameRange     '0.29.0',
178 silly addNameRange     '0.30.0',
178 silly addNameRange     '0.31.0',
178 silly addNameRange     '0.31.1',
178 silly addNameRange     '0.31.2',
178 silly addNameRange     '0.32.0',
178 silly addNameRange     '0.33.0',
178 silly addNameRange     '0.34.0',
178 silly addNameRange     '0.34.1',
178 silly addNameRange     '0.35.0',
178 silly addNameRange     '1.0.0',
178 silly addNameRange     '1.0.1',
178 silly addNameRange     '1.0.2',
178 silly addNameRange     '1.1.0',
178 silly addNameRange     '1.1.1',
178 silly addNameRange     '1.1.2',
178 silly addNameRange     '1.1.3',
178 silly addNameRange     '1.1.4',
178 silly addNameRange     '1.1.5',
178 silly addNameRange     '1.2.0',
178 silly addNameRange     '1.3.0',
178 silly addNameRange     '1.3.1',
178 silly addNameRange     '1.4.0',
178 silly addNameRange     '1.4.1',
178 silly addNameRange     '1.4.2',
178 silly addNameRange     '1.5.0',
178 silly addNameRange     '1.6.0',
178 silly addNameRange     '1.7.0',
178 silly addNameRange     '1.8.0',
178 silly addNameRange     '1.8.1',
178 silly addNameRange     '1.8.2',
178 silly addNameRange     '1.9.0',
178 silly addNameRange     '1.9.1' ] ]
179 verbose addNamed [ 'jade', '1.9.1' ]
180 verbose addNamed [ '1.9.1', '1.9.1' ]
181 silly lockFile 9901c118-jade-1-9-1 jade@1.9.1
182 verbose lock jade@1.9.1 /Users/vahidmazdeh/.npm/9901c118-jade-1-9-1.lock
183 silly lockFile 1a9ee414-jade-parser-0-0-2 jade-parser@0.0.2
184 silly lockFile 1a9ee414-jade-parser-0-0-2 jade-parser@0.0.2
185 silly lockFile a5b4eb9a-ry-npmjs-org-jade-jade-1-9-1-tgz https://registry.npmjs.org/jade/-/jade-1.9.1.tgz
186 verbose lock https://registry.npmjs.org/jade/-/jade-1.9.1.tgz /Users/vahidmazdeh/.npm/a5b4eb9a-ry-npmjs-org-jade-jade-1-9-1-tgz.lock
187 silly lockFile 656b33b7-debug-2-1-1 debug@2.1.1
188 silly lockFile 656b33b7-debug-2-1-1 debug@2.1.1
189 silly lockFile 88cb2229-glob-4-3-5 glob@4.3.5
190 silly lockFile 88cb2229-glob-4-3-5 glob@4.3.5
191 silly lockFile 0dc79bd7-debug-2-1-1 debug@^2.1.1
192 silly lockFile 0dc79bd7-debug-2-1-1 debug@^2.1.1
193 silly lockFile 49ae2504-glob-4-3-5 glob@^4.3.5
194 silly lockFile 49ae2504-glob-4-3-5 glob@^4.3.5
195 silly lockFile c28973bb-chalk-0-5-1 chalk@0.5.1
196 silly lockFile c28973bb-chalk-0-5-1 chalk@0.5.1
197 verbose addRemoteTarball [ 'https://registry.npmjs.org/jade/-/jade-1.9.1.tgz',
197 verbose addRemoteTarball   '5cf8da5b1edb6973dc26d6d9245d0e8ba005cd26' ]
198 silly lockFile 24b6c7c3-chalk-0-5-1 chalk@^0.5.1
199 silly lockFile 24b6c7c3-chalk-0-5-1 chalk@^0.5.1
200 silly lockFile 0ea8e0ac-jade-lexer-0-0-3 jade-lexer@0.0.3
201 silly lockFile 0ea8e0ac-jade-lexer-0-0-3 jade-lexer@0.0.3
202 info retry fetch attempt 1 at 17:07:46
203 verbose fetch to= /var/folders/bt/v81fj6cn5k3b643y4bcf0p3c0000gn/T/npm-11709-gJR6-FQM/registry.npmjs.org/jade/-/jade-1.9.1.tgz
204 http GET https://registry.npmjs.org/jade/-/jade-1.9.1.tgz
205 http 304 https://registry.npmjs.org/lodash
206 silly registry.get cb [ 304,
206 silly registry.get   { date: 'Fri, 23 Jan 2015 00:07:46 GMT',
206 silly registry.get     server: 'Apache',
206 silly registry.get     via: '1.1 varnish',
206 silly registry.get     'last-modified': 'Fri, 23 Jan 2015 00:07:39 GMT',
206 silly registry.get     'cache-control': 'max-age=60',
206 silly registry.get     etag: '"B6NMNKL7QM31M26C9EJBSCYSJ"',
206 silly registry.get     age: '8',
206 silly registry.get     'x-served-by': 'cache-sjc3134-SJC',
206 silly registry.get     'x-cache': 'HIT',
206 silly registry.get     'x-cache-hits': '3',
206 silly registry.get     'x-timer': 'S1421971666.838884,VS0,VE0',
206 silly registry.get     vary: 'Accept',
206 silly registry.get     'content-length': '0',
206 silly registry.get     'keep-alive': 'timeout=10, max=49',
206 silly registry.get     connection: 'Keep-Alive' } ]
207 verbose etag https://registry.npmjs.org/lodash from cache
208 silly addNameRange number 2 { name: 'lodash', range: '>=2.4.1-0 <3.0.0-0', hasData: true }
209 silly addNameRange versions [ 'lodash',
209 silly addNameRange   [ '0.1.0',
209 silly addNameRange     '0.2.0',
209 silly addNameRange     '0.2.1',
209 silly addNameRange     '0.2.2',
209 silly addNameRange     '0.3.0',
209 silly addNameRange     '0.3.1',
209 silly addNameRange     '0.3.2',
209 silly addNameRange     '0.4.0',
209 silly addNameRange     '0.4.1',
209 silly addNameRange     '0.4.2',
209 silly addNameRange     '0.5.0-rc.1',
209 silly addNameRange     '0.5.0',
209 silly addNameRange     '0.5.1',
209 silly addNameRange     '0.5.2',
209 silly addNameRange     '0.6.0',
209 silly addNameRange     '0.6.1',
209 silly addNameRange     '0.7.0',
209 silly addNameRange     '0.8.0',
209 silly addNameRange     '0.8.1',
209 silly addNameRange     '0.8.2',
209 silly addNameRange     '0.9.0',
209 silly addNameRange     '0.9.1',
209 silly addNameRange     '0.9.2',
209 silly addNameRange     '0.10.0',
209 silly addNameRange     '1.0.0-rc.1',
209 silly addNameRange     '1.0.0-rc.2',
209 silly addNameRange     '1.0.0-rc.3',
209 silly addNameRange     '1.0.0',
209 silly addNameRange     '1.0.1',
209 silly addNameRange     '1.1.0',
209 silly addNameRange     '1.1.1',
209 silly addNameRange     '1.2.0',
209 silly addNameRange     '1.2.1',
209 silly addNameRange     '1.3.0',
209 silly addNameRange     '1.3.1',
209 silly addNameRange     '2.0.0',
209 silly addNameRange     '2.1.0',
209 silly addNameRange     '2.2.0',
209 silly addNameRange     '2.2.1',
209 silly addNameRange     '2.3.0',
209 silly addNameRange     '2.4.0',
209 silly addNameRange     '2.4.1' ] ]
210 verbose addNamed [ 'lodash', '2.4.1' ]
211 verbose addNamed [ '2.4.1', '2.4.1' ]
212 silly lockFile 8502be2a-lodash-2-4-1 lodash@2.4.1
213 verbose lock lodash@2.4.1 /Users/vahidmazdeh/.npm/8502be2a-lodash-2-4-1.lock
214 silly lockFile 8502be2a-lodash-2-4-1 lodash@2.4.1
215 silly lockFile 8502be2a-lodash-2-4-1 lodash@2.4.1
216 silly lockFile 59759450-lodash-2-4-1 lodash@^2.4.1
217 silly lockFile 59759450-lodash-2-4-1 lodash@^2.4.1
218 http 200 https://registry.npmjs.org/jade/-/jade-1.9.1.tgz
219 silly lockFile a5b4eb9a-ry-npmjs-org-jade-jade-1-9-1-tgz https://registry.npmjs.org/jade/-/jade-1.9.1.tgz
220 silly lockFile a5b4eb9a-ry-npmjs-org-jade-jade-1-9-1-tgz https://registry.npmjs.org/jade/-/jade-1.9.1.tgz
221 silly lockFile 9901c118-jade-1-9-1 jade@1.9.1
222 silly lockFile 9901c118-jade-1-9-1 jade@1.9.1
223 silly lockFile 792f611b-jade-1-9-1 jade@^1.9.1
224 silly lockFile 792f611b-jade-1-9-1 jade@^1.9.1
225 error Error: EACCES, mkdir '/Users/vahidmazdeh/.npm/jade/1.9.1'
225 error  { [Error: EACCES, mkdir '/Users/vahidmazdeh/.npm/jade/1.9.1']
225 error   errno: 3,
225 error   code: 'EACCES',
225 error   path: '/Users/vahidmazdeh/.npm/jade/1.9.1',
225 error   parent: 'ucdd-jaded' }
226 error Please try running this command again as root/Administrator.
227 error System Darwin 13.4.0
228 error command "node" "/usr/local/bin/npm" "install"
229 error cwd /Users/vahidmazdeh/Google Drive/Spring 2015/UCDD II/ucdd-jaded
230 error node -v v0.10.35
231 error npm -v 1.4.28
232 error path /Users/vahidmazdeh/.npm/jade/1.9.1
233 error code EACCES
234 error errno 3
235 error stack Error: EACCES, mkdir '/Users/vahidmazdeh/.npm/jade/1.9.1'
236 verbose exit [ 3, true ]
